Running Gradle task 'bundleWinitRelease'...                     
lib/main.dart:7:19: Error: Required named parameter 'logoImage' must be provided.
  AppConfig.create(
                  ^
lib/config/app_config.dart:45:15: Context: Found this candidate, but the arguments don't match.
  static void create({
              ^^^^^^
Target kernel_snapshot_program failed: Exception


FAILURE: Build failed with an exception.

* What went wrong:
Execution failed for task ':app:compileFlutterBuildWinitRelease'.
> Process 'command 'C:\Flutter\bin\flutter.bat'' finished with non-zero exit value 1

* Try:
> Run with --stacktrace option to get the stack trace.
> Run with --info or --debug option to get more log output.
> Run with --scan to get full insights.
> Get more help at https://help.gradle.org.

BUILD FAILED in 1m 20s
Running Gradle task 'bundleWinitRelease'...                        80,9s
Gradle task bundleWinitRelease failed with exit code 1
